Arguments: 
  C:\Program Files\nodejs\node.exe C:\Program Files (x86)\Yarn\bin\yarn.js add --dev graphpack

PATH: 
  C:\WINDOWS\system32;C:\WINDOWS;C:\WINDOWS\System32\Wbem;C:\WINDOWS\System32\WindowsPowerShell\v1.0\;C:\Program Files (x86)\NVIDIA Corporation\PhysX\Common;C:\Program Files\nodejs\;C:\Program Files (x86)\Yarn\bin\;C:\Program Files\Git\cmd;C:\Go\bin;C:\Users\user\AppData\Roaming\npm;C:\Users\user\AppData\Local\Yarn\bin;C:\Users\user\AppData\Local\Programs\Microsoft VS Code\bin;C:\Program Files\heroku\bin;C:\Program Files\Docker Toolbox;C:\Users\user\go\bin

Yarn version: 
  1.22.4

Node version: 
  12.17.0

Platform: 
  win32 x64

Trace: 
  Error: getaddrinfo ENOTFOUND registry.yarnpkg.com
      at GetAddrInfoReqWrap.onlookup [as oncomplete] (dns.js:66:26)

npm manifest: 
  {
    "name": "graphql-server",
    "version": "1.0.0",
    "main": "index.js",
    "license": "MIT"
  }

yarn manifest: 
  No manifest

Lockfile: 
  No lockfile
